[2026-05-29 21:53:14Z INFO HostContext] No proxy settings were found based on environmental variables (http_proxy/https_proxy/HTTP_PROXY/HTTPS_PROXY)
[2026-05-29 21:53:14Z INFO HostContext] Well known directory 'Bin': 'D:\Kadir\Projeler\GameGaraj\actions-runner-k8s\bin'
[2026-05-29 21:53:14Z INFO HostContext] Well known directory 'Root': 'D:\Kadir\Projeler\GameGaraj\actions-runner-k8s'
[2026-05-29 21:53:14Z INFO HostContext] Well known config file 'Credentials': 'D:\Kadir\Projeler\GameGaraj\actions-runner-k8s\.credentials'
[2026-05-29 21:53:14Z INFO HostContext] Well known directory 'Bin': 'D:\Kadir\Projeler\GameGaraj\actions-runner-k8s\bin'
[2026-05-29 21:53:14Z INFO HostContext] Well known directory 'Root': 'D:\Kadir\Projeler\GameGaraj\actions-runner-k8s'
[2026-05-29 21:53:14Z INFO HostContext] Well known config file 'Runner': 'D:\Kadir\Projeler\GameGaraj\actions-runner-k8s\.runner'
[2026-05-29 21:53:14Z INFO Listener] Runner is built for Windows (X64) - win-x64.
[2026-05-29 21:53:14Z INFO Listener] RuntimeInformation: Microsoft Windows 10.0.26200.
[2026-05-29 21:53:14Z INFO Listener] Version: 2.334.0
[2026-05-29 21:53:14Z INFO Listener] Commit: f1995ede5d885c997d13d8eca5467c4ce97fe69c
[2026-05-29 21:53:14Z INFO Listener] Culture: tr-TR
[2026-05-29 21:53:14Z INFO Listener] UI Culture: en-US
[2026-05-29 21:53:14Z INFO HostContext] Well known directory 'Bin': 'D:\Kadir\Projeler\GameGaraj\actions-runner-k8s\bin'
[2026-05-29 21:53:14Z INFO HostContext] Well known directory 'Root': 'D:\Kadir\Projeler\GameGaraj\actions-runner-k8s'
[2026-05-29 21:53:14Z INFO Listener] Validating directory permissions for: 'D:\Kadir\Projeler\GameGaraj\actions-runner-k8s'
[2026-05-29 21:53:14Z INFO CommandLineParser] Parse
[2026-05-29 21:53:14Z INFO CommandLineParser] Parsing 6 args
[2026-05-29 21:53:14Z INFO CommandLineParser] parsing argument
[2026-05-29 21:53:14Z INFO CommandLineParser] HasArgs: False
[2026-05-29 21:53:14Z INFO CommandLineParser] Adding Command: configure
[2026-05-29 21:53:14Z INFO CommandLineParser] parsing argument
[2026-05-29 21:53:14Z INFO CommandLineParser] HasArgs: True
[2026-05-29 21:53:14Z INFO CommandLineParser] arg: unattended
[2026-05-29 21:53:14Z INFO CommandLineParser] parsing argument
[2026-05-29 21:53:14Z INFO CommandLineParser] HasArgs: True
[2026-05-29 21:53:14Z INFO CommandLineParser] arg: url
[2026-05-29 21:53:14Z INFO CommandLineParser] Adding flag: unattended
[2026-05-29 21:53:14Z INFO CommandLineParser] parsing argument
[2026-05-29 21:53:14Z INFO CommandLineParser] HasArgs: True
[2026-05-29 21:53:14Z INFO CommandLineParser] Adding option 'url': 'https://github.com/kadir-yilmaz/GameGaraj'
[2026-05-29 21:53:14Z INFO CommandLineParser] parsing argument
[2026-05-29 21:53:14Z INFO CommandLineParser] HasArgs: True
[2026-05-29 21:53:14Z INFO CommandLineParser] arg: token
[2026-05-29 21:53:14Z INFO CommandLineParser] parsing argument
[2026-05-29 21:53:14Z INFO CommandLineParser] HasArgs: True
[2026-05-29 21:53:14Z INFO CommandLineParser] Adding option 'token': '***'
[2026-05-29 21:53:14Z INFO Listener] Arguments parsed
[2026-05-29 21:53:15Z INFO Runner] ExecuteCommand
[2026-05-29 21:53:15Z INFO ConfigurationStore] currentAssemblyLocation: D:\Kadir\Projeler\GameGaraj\actions-runner-k8s\bin\Runner.Listener.dll
[2026-05-29 21:53:15Z INFO HostContext] Well known directory 'Bin': 'D:\Kadir\Projeler\GameGaraj\actions-runner-k8s\bin'
[2026-05-29 21:53:15Z INFO ConfigurationStore] binPath: D:\Kadir\Projeler\GameGaraj\actions-runner-k8s\bin
[2026-05-29 21:53:15Z INFO HostContext] Well known directory 'Bin': 'D:\Kadir\Projeler\GameGaraj\actions-runner-k8s\bin'
[2026-05-29 21:53:15Z INFO HostContext] Well known directory 'Root': 'D:\Kadir\Projeler\GameGaraj\actions-runner-k8s'
[2026-05-29 21:53:15Z INFO ConfigurationStore] RootFolder: D:\Kadir\Projeler\GameGaraj\actions-runner-k8s
[2026-05-29 21:53:15Z INFO HostContext] Well known directory 'Bin': 'D:\Kadir\Projeler\GameGaraj\actions-runner-k8s\bin'
[2026-05-29 21:53:15Z INFO HostContext] Well known directory 'Root': 'D:\Kadir\Projeler\GameGaraj\actions-runner-k8s'
[2026-05-29 21:53:15Z INFO HostContext] Well known config file 'Runner': 'D:\Kadir\Projeler\GameGaraj\actions-runner-k8s\.runner'
[2026-05-29 21:53:15Z INFO ConfigurationStore] ConfigFilePath: D:\Kadir\Projeler\GameGaraj\actions-runner-k8s\.runner
[2026-05-29 21:53:15Z INFO HostContext] Well known directory 'Bin': 'D:\Kadir\Projeler\GameGaraj\actions-runner-k8s\bin'
[2026-05-29 21:53:15Z INFO HostContext] Well known directory 'Root': 'D:\Kadir\Projeler\GameGaraj\actions-runner-k8s'
[2026-05-29 21:53:15Z INFO HostContext] Well known config file 'MigratedRunner': 'D:\Kadir\Projeler\GameGaraj\actions-runner-k8s\.runner_migrated'
[2026-05-29 21:53:15Z INFO ConfigurationStore] MigratedConfigFilePath: D:\Kadir\Projeler\GameGaraj\actions-runner-k8s\.runner_migrated
[2026-05-29 21:53:15Z INFO HostContext] Well known directory 'Bin': 'D:\Kadir\Projeler\GameGaraj\actions-runner-k8s\bin'
[2026-05-29 21:53:15Z INFO HostContext] Well known directory 'Root': 'D:\Kadir\Projeler\GameGaraj\actions-runner-k8s'
[2026-05-29 21:53:15Z INFO HostContext] Well known config file 'Credentials': 'D:\Kadir\Projeler\GameGaraj\actions-runner-k8s\.credentials'
[2026-05-29 21:53:15Z INFO ConfigurationStore] CredFilePath: D:\Kadir\Projeler\GameGaraj\actions-runner-k8s\.credentials
[2026-05-29 21:53:15Z INFO HostContext] Well known directory 'Bin': 'D:\Kadir\Projeler\GameGaraj\actions-runner-k8s\bin'
[2026-05-29 21:53:15Z INFO HostContext] Well known directory 'Root': 'D:\Kadir\Projeler\GameGaraj\actions-runner-k8s'
[2026-05-29 21:53:15Z INFO HostContext] Well known config file 'MigratedCredentials': 'D:\Kadir\Projeler\GameGaraj\actions-runner-k8s\.credentials_migrated'
[2026-05-29 21:53:15Z INFO ConfigurationStore] MigratedCredFilePath: D:\Kadir\Projeler\GameGaraj\actions-runner-k8s\.credentials_migrated
[2026-05-29 21:53:15Z INFO HostContext] Well known directory 'Bin': 'D:\Kadir\Projeler\GameGaraj\actions-runner-k8s\bin'
[2026-05-29 21:53:15Z INFO HostContext] Well known directory 'Root': 'D:\Kadir\Projeler\GameGaraj\actions-runner-k8s'
[2026-05-29 21:53:15Z INFO HostContext] Well known config file 'Service': 'D:\Kadir\Projeler\GameGaraj\actions-runner-k8s\.service'
[2026-05-29 21:53:15Z INFO ConfigurationStore] ServiceConfigFilePath: D:\Kadir\Projeler\GameGaraj\actions-runner-k8s\.service
[2026-05-29 21:53:15Z INFO CommandSettings] Flag 'help': 'False'
[2026-05-29 21:53:15Z INFO CommandSettings] Flag 'version': 'False'
[2026-05-29 21:53:15Z INFO CommandSettings] Flag 'commit': 'False'
[2026-05-29 21:53:15Z INFO CommandSettings] Flag 'check': 'False'
[2026-05-29 21:53:15Z INFO CommandSettings] Command 'configure': 'True'
[2026-05-29 21:53:15Z INFO Terminal] WRITE LINE: 
[2026-05-29 21:53:15Z INFO Terminal] WRITE LINE: --------------------------------------------------------------------------------
[2026-05-29 21:53:15Z INFO Terminal] WRITE LINE: |        ____ _ _   _   _       _          _        _   _                      |
[2026-05-29 21:53:15Z INFO Terminal] WRITE LINE: |       / ___(_) |_| | | |_   _| |__      / \   ___| |_(_) ___  _ __  ___      |
[2026-05-29 21:53:15Z INFO Terminal] WRITE LINE: |      | |  _| | __| |_| | | | | '_ \    / _ \ / __| __| |/ _ \| '_ \/ __|     |
[2026-05-29 21:53:15Z INFO Terminal] WRITE LINE: |      | |_| | | |_|  _  | |_| | |_) |  / ___ \ (__| |_| | (_) | | | \__ \     |
[2026-05-29 21:53:15Z INFO Terminal] WRITE LINE: |       \____|_|\__|_| |_|\__,_|_.__/  /_/   \_\___|\__|_|\___/|_| |_|___/     |
[2026-05-29 21:53:15Z INFO Terminal] WRITE LINE: |                                                                              |
[2026-05-29 21:53:15Z INFO Terminal] WRITE: |                       
[2026-05-29 21:53:15Z INFO Terminal] WRITE: Self-hosted runner registration
[2026-05-29 21:53:15Z INFO Terminal] WRITE LINE:                         |
[2026-05-29 21:53:15Z INFO Terminal] WRITE LINE: |                                                                              |
[2026-05-29 21:53:15Z INFO Terminal] WRITE LINE: --------------------------------------------------------------------------------
[2026-05-29 21:53:15Z INFO ConfigurationManager] ConfigureAsync
[2026-05-29 21:53:15Z INFO CommandSettings] Flag 'generateServiceConfig': 'False'
[2026-05-29 21:53:15Z INFO ConfigurationStore] IsConfigured()
[2026-05-29 21:53:15Z INFO ConfigurationStore] IsConfigured: False
[2026-05-29 21:53:15Z INFO ConfigurationManager] Is configured: False
[2026-05-29 21:53:15Z INFO CommandSettings] Arg 'url': 'https://github.com/kadir-yilmaz/GameGaraj'
[2026-05-29 21:53:15Z INFO CommandSettings] Remove url from Arg dictionary.
[2026-05-29 21:53:15Z INFO CommandSettings] Arg 'token': '***'
[2026-05-29 21:53:15Z INFO CommandSettings] Remove token from Arg dictionary.
[2026-05-29 21:53:16Z INFO ConfigurationManager] Http response code: OK from 'POST https://api.github.com/actions/runner-registration' (1F45:1D573E:C8EF72:BB0D40:6A1A0ACC)
[2026-05-29 21:53:16Z INFO ConfigurationManager] Using runner-admin flow: False
[2026-05-29 21:53:16Z INFO ConfigurationManager] cred retrieved via GitHub auth
[2026-05-29 21:53:16Z INFO RunnerServer] EstablishVssConnection
[2026-05-29 21:53:16Z INFO RunnerServer] Establish connection with 100 seconds timeout.
[2026-05-29 21:53:16Z INFO GitHubActionsService] Starting operation Location.GetConnectionData
[2026-05-29 21:53:16Z INFO RunnerServer] EstablishVssConnection
[2026-05-29 21:53:16Z INFO RunnerServer] Establish connection with 60 seconds timeout.
[2026-05-29 21:53:16Z INFO GitHubActionsService] Starting operation Location.GetConnectionData
[2026-05-29 21:53:16Z INFO RunnerServer] EstablishVssConnection
[2026-05-29 21:53:16Z INFO RunnerServer] Establish connection with 60 seconds timeout.
[2026-05-29 21:53:16Z INFO GitHubActionsService] Starting operation Location.GetConnectionData
[2026-05-29 21:53:17Z INFO GitHubActionsService] Finished operation Location.GetConnectionData
[2026-05-29 21:53:17Z INFO GitHubActionsService] Finished operation Location.GetConnectionData
[2026-05-29 21:53:17Z INFO GitHubActionsService] Finished operation Location.GetConnectionData
[2026-05-29 21:53:17Z INFO Terminal] WRITE LINE: 
[2026-05-29 21:53:17Z INFO ConfigurationManager] Test Connection complete.
[2026-05-29 21:53:17Z INFO HostContext] Well known directory 'Bin': 'D:\Kadir\Projeler\GameGaraj\actions-runner-k8s\bin'
[2026-05-29 21:53:17Z INFO HostContext] Well known directory 'Root': 'D:\Kadir\Projeler\GameGaraj\actions-runner-k8s'
[2026-05-29 21:53:17Z INFO HostContext] Well known config file 'RSACredentials': 'D:\Kadir\Projeler\GameGaraj\actions-runner-k8s\.credentials_rsaparams'
[2026-05-29 21:53:17Z INFO RSAEncryptedFileKeyManager] Creating new RSA key using 2048-bit key length
[2026-05-29 21:53:17Z INFO RSAEncryptedFileKeyManager] Successfully saved RSA key parameters to file D:\Kadir\Projeler\GameGaraj\actions-runner-k8s\.credentials_rsaparams
[2026-05-29 21:53:17Z INFO CommandSettings] Arg 'runnergroup': ''
[2026-05-29 21:53:17Z INFO CommandSettings] Flag 'unattended': 'True'
[2026-05-29 21:53:17Z INFO PromptManager] ReadValue
[2026-05-29 21:53:17Z INFO Terminal] WRITE LINE: 
[2026-05-29 21:53:17Z INFO ConfigurationManager] Found a self-hosted runner group with id 1 and name Default
[2026-05-29 21:53:17Z INFO CommandSettings] Flag 'disableupdate': 'False'
[2026-05-29 21:53:17Z INFO CommandSettings] Flag 'ephemeral': 'False'
[2026-05-29 21:53:17Z INFO CommandSettings] Arg 'name': ''
[2026-05-29 21:53:17Z INFO CommandSettings] Flag 'unattended': 'True'
[2026-05-29 21:53:17Z INFO PromptManager] ReadValue
[2026-05-29 21:53:17Z INFO Terminal] WRITE LINE: 
[2026-05-29 21:53:17Z INFO CommandSettings] Arg 'labels': ''
[2026-05-29 21:53:17Z INFO CommandSettings] Flag 'unattended': 'True'
[2026-05-29 21:53:17Z INFO PromptManager] ReadValue
[2026-05-29 21:53:17Z INFO Terminal] WRITE LINE: 
[2026-05-29 21:53:18Z INFO CommandSettings] Flag 'disableupdate': 'False'
[2026-05-29 21:53:18Z INFO CommandSettings] Flag 'no-default-labels': 'False'
[2026-05-29 21:53:18Z INFO CommandSettings] Flag 'disableupdate': 'False'
[2026-05-29 21:53:18Z INFO CommandSettings] Flag 'ephemeral': 'False'
[2026-05-29 21:53:18Z INFO ConfigurationStore] Saving OAuth credential @ D:\Kadir\Projeler\GameGaraj\actions-runner-k8s\.credentials
[2026-05-29 21:53:18Z INFO ConfigurationStore] Credentials Saved.
[2026-05-29 21:53:18Z INFO ConfigurationManager] Service enforced serverUrlV2: https://broker.actions.githubusercontent.com/
[2026-05-29 21:53:18Z INFO ConfigurationManager] Service enforced useV2Flow: True
[2026-05-29 21:53:18Z INFO CommandSettings] Arg 'work': ''
[2026-05-29 21:53:18Z INFO CommandSettings] Flag 'unattended': 'True'
[2026-05-29 21:53:18Z INFO PromptManager] ReadValue
[2026-05-29 21:53:18Z INFO ConfigurationStore] Saving runner settings.
[2026-05-29 21:53:18Z INFO ConfigurationStore] Settings Saved.
[2026-05-29 21:53:18Z INFO Terminal] WRITE LINE: 
[2026-05-29 21:53:18Z INFO Terminal] WRITE LINE: 
[2026-05-29 21:53:18Z INFO CommandSettings] Flag 'runasservice': 'False'
[2026-05-29 21:53:18Z INFO CommandSettings] Flag 'unattended': 'True'
[2026-05-29 21:53:18Z INFO PromptManager] ReadValue
[2026-05-29 21:53:18Z INFO Listener] Runner execution has finished with return code 0
